<?xml version="1.0" encoding="UTF-8"?>
<testng-results skipped="0" failed="0" ignored="0" total="2" passed="2">
  <reporter-output>
  </reporter-output>
  <suite name="Suite" duration-ms="51377" started-at="2020-07-13T13:31:44Z" finished-at="2020-07-13T13:32:35Z">
    <groups>
    </groups>
    <test name="SmokeTest" duration-ms="51377" started-at="2020-07-13T13:31:44Z" finished-at="2020-07-13T13:32:35Z">
      <class name="com.crm.qa.testcases.LeavePageTest">
        <test-method status="PASS" signature="beforeClass()[pri:0, instance:com.crm.qa.testcases.LeavePageTest@3dd4520b]" name="beforeClass" is-config="true" duration-ms="15" started-at="2020-07-13T13:31:44Z" finished-at="2020-07-13T13:31:44Z">
          <reporter-output>
          </reporter-output>
        </test-method> <!-- beforeClass -->
        <test-method status="PASS" signature="setUp()[pri:0, instance:com.crm.qa.testcases.LeavePageTest@3dd4520b]" name="setUp" is-config="true" duration-ms="25012" started-at="2020-07-13T13:31:44Z" finished-at="2020-07-13T13:32:09Z">
          <reporter-output>
          </reporter-output>
        </test-method> <!-- setUp -->
        <test-method status="PASS" signature="assignButtonTest()[pri:1, instance:com.crm.qa.testcases.LeavePageTest@3dd4520b]" name="assignButtonTest" duration-ms="125" started-at="2020-07-13T13:32:09Z" finished-at="2020-07-13T13:32:09Z">
          <reporter-output>
          </reporter-output>
        </test-method> <!-- assignButtonTest -->
        <test-method status="PASS" signature="tearDown()[pri:0, instance:com.crm.qa.testcases.LeavePageTest@3dd4520b]" name="tearDown" is-config="true" duration-ms="1133" started-at="2020-07-13T13:32:09Z" finished-at="2020-07-13T13:32:10Z">
          <reporter-output>
          </reporter-output>
        </test-method> <!-- tearDown -->
        <test-method status="PASS" signature="beforeClass()[pri:0, instance:com.crm.qa.testcases.LeavePageTest@3dd4520b]" name="beforeClass" is-config="true" duration-ms="1" started-at="2020-07-13T13:32:10Z" finished-at="2020-07-13T13:32:10Z">
          <reporter-output>
          </reporter-output>
        </test-method> <!-- beforeClass -->
        <test-method status="PASS" signature="setUp()[pri:0, instance:com.crm.qa.testcases.LeavePageTest@3dd4520b]" name="setUp" is-config="true" duration-ms="22486" started-at="2020-07-13T13:32:10Z" finished-at="2020-07-13T13:32:32Z">
          <reporter-output>
          </reporter-output>
        </test-method> <!-- setUp -->
        <test-method status="PASS" signature="leaveListTest()[pri:2, instance:com.crm.qa.testcases.LeavePageTest@3dd4520b]" name="leaveListTest" duration-ms="1430" started-at="2020-07-13T13:32:32Z" finished-at="2020-07-13T13:32:34Z">
          <reporter-output>
          </reporter-output>
        </test-method> <!-- leaveListTest -->
        <test-method status="PASS" signature="tearDown()[pri:0, instance:com.crm.qa.testcases.LeavePageTest@3dd4520b]" name="tearDown" is-config="true" duration-ms="1114" started-at="2020-07-13T13:32:34Z" finished-at="2020-07-13T13:32:35Z">
          <reporter-output>
          </reporter-output>
        </test-method> <!-- tearDown -->
      </class> <!-- com.crm.qa.testcases.LeavePageTest -->
    </test> <!-- SmokeTest -->
  </suite> <!-- Suite -->
</testng-results>
