<?xml version="1.0" encoding="UTF-8"?>
<!-- Generated by org.testng.reporters.JUnitXMLReporter -->
<testsuite hostname="BDC4-L-PF1V7L8G" ignored="0" name="RegressionTest" tests="4" failures="0" timestamp="14 Jul 2020 07:59:11 GMT" time="114.33" errors="0">
  <testcase name="addEmployeesTest" time="6.955" classname="com.crm.qa.testcases.PIMPageTest"/>
  <testcase name="addEmployeesTest" time="9.021" classname="com.crm.qa.testcases.PIMPageTest"/>
  <testcase name="addEmployeesTest" time="8.217" classname="com.crm.qa.testcases.PIMPageTest"/>
  <testcase name="applyLeaveTest" time="1.38" classname="com.crm.qa.testcases.DashboardPageTest"/>
</testsuite> <!-- RegressionTest -->
