<?xml version="1.0" encoding="UTF-8"?>
<!-- Generated by org.testng.reporters.JUnitXMLReporter -->
<testsuite hostname="BDC4-L-PF1V7L8G" ignored="0" name="RegressionTest" tests="4" failures="0" timestamp="13 Jul 2020 10:27:00 GMT" time="124.648" errors="0">
  <testcase name="addEmployeesTest" time="7.323" classname="com.crm.qa.testcases.PIMPageTest"/>
  <testcase name="addEmployeesTest" time="7.461" classname="com.crm.qa.testcases.PIMPageTest"/>
  <testcase name="addEmployeesTest" time="7.395" classname="com.crm.qa.testcases.PIMPageTest"/>
  <testcase name="applyLeaveTest" time="1.352" classname="com.crm.qa.testcases.DashboardPageTest"/>
</testsuite> <!-- RegressionTest -->
