<?xml version="1.0" encoding="UTF-8"?>
<!-- Generated by org.testng.reporters.JUnitXMLReporter -->
<testsuite hostname="BDC4-L-PF1V7L8G" ignored="0" name="SmokeTest" tests="6" failures="0" timestamp="14 Jul 2020 07:57:17 GMT" time="104.682" errors="0">
  <testcase name="assignButtonTest" time="0.095" classname="com.crm.qa.testcases.LeavePageTest"/>
  <testcase name="validateLoginPageTitleTest" time="0.016" classname="com.crm.qa.testcases.LoginPageTest"/>
  <testcase name="leaveListTest" time="1.29" classname="com.crm.qa.testcases.LeavePageTest"/>
  <testcase name="validateforgotPasswordLinkTest" time="0.113" classname="com.crm.qa.testcases.LoginPageTest"/>
  <testcase name="loginTest" time="16.242" classname="com.crm.qa.testcases.LoginPageTest"/>
  <testcase name="validateImageTest" time="0.131" classname="com.crm.qa.testcases.LoginPageTest"/>
</testsuite> <!-- SmokeTest -->
